#
# There is insufficient memory for the Java Runtime Environment to continue.
# Native memory allocation (malloc) failed to allocate 96816 bytes. Error detail: Chunk::new
# Possible reasons:
#   The system is out of physical RAM or swap space
#   This process is running with CompressedOops enabled, and the Java Heap may be blocking the growth of the native heap
# Possible solutions:
#   Reduce memory load on the system
#   Increase physical memory or swap space
#   Check if swap backing store is full
#   Decrease Java heap size (-Xmx/-Xms)
#   Decrease number of Java threads
#   Decrease Java thread stack sizes (-Xss)
#   Set larger code cache with -XX:ReservedCodeCacheSize=
#   JVM is running with Unscaled Compressed Oops mode in which the Java heap is
#     placed in the first 4GB address space. The Java Heap base address is the
#     maximum limit for the native heap growth. Please use -XX:HeapBaseMinAddress
#     to set the Java Heap base and to place the Java Heap above 4GB virtual address.
# This output file may be truncated or incomplete.
#
#  Out of Memory Error (arena.cpp:191), pid=2324, tid=13124
#
# JRE version: OpenJDK Runtime Environment Temurin-17.0.12+7 (17.0.12+7) (build 17.0.12+7)
# Java VM: OpenJDK 64-Bit Server VM Temurin-17.0.12+7 (17.0.12+7, mixed mode, tiered, compressed oops, compressed class ptrs, parallel gc, windows-amd64)
# No core dump will be written. Minidumps are not enabled by default on client versions of Windows
#

---------------  S U M M A R Y ------------

Command Line: --add-modules=ALL-SYSTEM --add-opens=java.base/java.util=ALL-UNNAMED --add-opens=java.base/java.lang=ALL-UNNAMED --add-opens=java.base/sun.nio.fs=ALL-UNNAMED -Declipse.application=org.eclipse.jdt.ls.core.id1 -Dosgi.bundles.defaultStartLevel=4 -Declipse.product=org.eclipse.jdt.ls.core.product -Djava.import.generatesMetadataFilesAtProjectRoot=false -DDetectVMInstallationsJob.disabled=true -Dfile.encoding=utf8 -XX:+UseParallelGC -XX:GCTimeRatio=4 -XX:AdaptiveSizePolicyWeight=90 -Dsun.zip.disableMemoryMapping=true -Xmx1G -Xms100m -Xlog:disable -javaagent:c:\Users\Admin\.vscode\extensions\redhat.java-1.35.0-win32-x64\lombok\lombok-1.18.33.jar -XX:+HeapDumpOnOutOfMemoryError -XX:HeapDumpPath=c:\Users\Admin\AppData\Roaming\Code\User\workspaceStorage\d68e40e702c51103805c8e4f92ebaaf0\redhat.java -Daether.dependencyCollector.impl=bf c:\Users\Admin\.vscode\extensions\redhat.java-1.35.0-win32-x64\server\plugins\org.eclipse.equinox.launcher_1.6.900.v20240613-2009.jar -configuration c:\Users\Admin\AppData\Roaming\Code\User\globalStorage\redhat.java\1.35.0\config_win -data c:\Users\Admin\AppData\Roaming\Code\User\workspaceStorage\d68e40e702c51103805c8e4f92ebaaf0\redhat.java\jdt_ws --pipe=\\.\pipe\lsp-bdad5d4f268e21da2a755b82e0f0d1e4-sock

Host: AMD Athlon 200GE with Radeon Vega Graphics     , 4 cores, 13G,  Windows 10 , 64 bit Build 19041 (10.0.19041.4957)
Time: Mon Dec 16 12:31:02 2024 Malay Peninsula Standard Time elapsed time: 73.492078 seconds (0d 0h 1m 13s)

---------------  T H R E A D  ---------------

Current thread (0x000002483236b0f0):  JavaThread "C2 CompilerThread0" daemon [_thread_in_native, id=13124, stack(0x0000006c5da00000,0x0000006c5db00000)]


Current CompileTask:
C2:  73492 12125  s    4       java.lang.StringBuffer::append (15 bytes)

Stack: [0x0000006c5da00000,0x0000006c5db00000]
Native frames: (J=compiled Java code, j=interpreted, Vv=VM code, C=native code)
V  [jvm.dll+0x67f929]
V  [jvm.dll+0x8371ba]
V  [jvm.dll+0x838c7e]
V  [jvm.dll+0x8392e3]
V  [jvm.dll+0x24834f]
V  [jvm.dll+0xac9d4]
V  [jvm.dll+0xad01c]
V  [jvm.dll+0x3674a7]
V  [jvm.dll+0x33197a]
V  [jvm.dll+0x330e1a]
V  [jvm.dll+0x21a8b1]
V  [jvm.dll+0x219cf1]
V  [jvm.dll+0x1a58bd]
V  [jvm.dll+0x229a2d]
V  [jvm.dll+0x227bdc]
V  [jvm.dll+0x7ec1f7]
V  [jvm.dll+0x7e65dc]
V  [jvm.dll+0x67e7f7]
C  [ucrtbase.dll+0x21bb2]
C  [KERNEL32.DLL+0x17374]
C  [ntdll.dll+0x4cc91]


---------------  P R O C E S S  ---------------

Threads class SMR info:
_java_thread_list=0x0000024846f85d60, length=51, elements={
0x000002481e4f3d00, 0x000002481e5a88e0, 0x000002481e5a98a0, 0x0000024832360a40,
0x00000248323616d0, 0x0000024832362550, 0x00000248323682f0, 0x000002483236b0f0,
0x000002483238e980, 0x0000024837588fe0, 0x000002481e556070, 0x00000248378dd350,
0x0000024837e98330, 0x0000024837fc7ad0, 0x00000248381aa030, 0x00000248380f97b0,
0x0000024838895be0, 0x000002483859a4a0, 0x000002483859c810, 0x000002483859a9b0,
0x000002483859cd20, 0x000002483859d230, 0x000002483859d740, 0x000002483859dc50,
0x000002483859aec0, 0x000002483859b3d0, 0x000002483859b8e0, 0x000002483859c300,
0x0000024838416fa0, 0x0000024838416a90, 0x0000024838410f70, 0x0000024838411ea0,
0x00000248384123b0, 0x00000248384179c0, 0x00000248384128c0, 0x0000024838411480,
0x0000024838416070, 0x0000024838411990, 0x00000248384183e0, 0x0000024838414c30,
0x0000024838412dd0, 0x00000248384188f0, 0x00000248384132e0, 0x0000024838414720,
0x0000024838415b60, 0x000002483859bdf0, 0x000002483787e8a0, 0x0000024837883eb0,
0x0000024837880c10, 0x00000248378843c0, 0x000002483b375880
}

Java Threads: ( => current thread )
  0x000002481e4f3d00 JavaThread "main" [_thread_blocked, id=16140, stack(0x0000006c5d100000,0x0000006c5d200000)]
  0x000002481e5a88e0 JavaThread "Reference Handler" daemon [_thread_blocked, id=5408, stack(0x0000006c5d400000,0x0000006c5d500000)]
  0x000002481e5a98a0 JavaThread "Finalizer" daemon [_thread_blocked, id=9220, stack(0x0000006c5d500000,0x0000006c5d600000)]
  0x0000024832360a40 JavaThread "Signal Dispatcher" daemon [_thread_blocked, id=14768, stack(0x0000006c5d600000,0x0000006c5d700000)]
  0x00000248323616d0 JavaThread "Attach Listener" daemon [_thread_blocked, id=16232, stack(0x0000006c5d700000,0x0000006c5d800000)]
  0x0000024832362550 JavaThread "Service Thread" daemon [_thread_blocked, id=11560, stack(0x0000006c5d800000,0x0000006c5d900000)]
  0x00000248323682f0 JavaThread "Monitor Deflation Thread" daemon [_thread_blocked, id=10736, stack(0x0000006c5d900000,0x0000006c5da00000)]
=>0x000002483236b0f0 JavaThread "C2 CompilerThread0" daemon [_thread_in_native, id=13124, stack(0x0000006c5da00000,0x0000006c5db00000)]
  0x000002483238e980 JavaThread "C1 CompilerThread0" daemon [_thread_blocked, id=15148, stack(0x0000006c5db00000,0x0000006c5dc00000)]
  0x0000024837588fe0 JavaThread "Sweeper thread" daemon [_thread_blocked, id=13520, stack(0x0000006c5dc00000,0x0000006c5dd00000)]
  0x000002481e556070 JavaThread "Common-Cleaner" daemon [_thread_blocked, id=9380, stack(0x0000006c5dd00000,0x0000006c5de00000)]
  0x00000248378dd350 JavaThread "Notification Thread" daemon [_thread_blocked, id=15072, stack(0x0000006c5de00000,0x0000006c5df00000)]
  0x0000024837e98330 JavaThread "Active Thread: Equinox Container: 297fcddb-aa0d-4be7-a886-d4255f1b88d3" [_thread_blocked, id=10148, stack(0x0000006c5e400000,0x0000006c5e500000)]
  0x0000024837fc7ad0 JavaThread "Framework Event Dispatcher: Equinox Container: 297fcddb-aa0d-4be7-a886-d4255f1b88d3" daemon [_thread_blocked, id=12900, stack(0x0000006c5e300000,0x0000006c5e400000)]
  0x00000248381aa030 JavaThread "Start Level: Equinox Container: 297fcddb-aa0d-4be7-a886-d4255f1b88d3" daemon [_thread_blocked, id=16196, stack(0x0000006c5e500000,0x0000006c5e600000)]
  0x00000248380f97b0 JavaThread "Bundle File Closer" daemon [_thread_blocked, id=15624, stack(0x0000006c5e600000,0x0000006c5e700000)]
  0x0000024838895be0 JavaThread "SCR Component Actor" daemon [_thread_blocked, id=4432, stack(0x0000006c5e700000,0x0000006c5e800000)]
  0x000002483859a4a0 JavaThread "Worker-JM" [_thread_blocked, id=11928, stack(0x0000006c5e900000,0x0000006c5ea00000)]
  0x000002483859c810 JavaThread "JNA Cleaner" daemon [_thread_blocked, id=9136, stack(0x0000006c5ea00000,0x0000006c5eb00000)]
  0x000002483859a9b0 JavaThread "Worker-0" [_thread_blocked, id=12516, stack(0x0000006c5eb00000,0x0000006c5ec00000)]
  0x000002483859cd20 JavaThread "Worker-1" [_thread_blocked, id=9520, stack(0x0000006c5ec00000,0x0000006c5ed00000)]
  0x000002483859d230 JavaThread "Worker-2" [_thread_blocked, id=13856, stack(0x0000006c5ed00000,0x0000006c5ee00000)]
  0x000002483859d740 JavaThread "Worker-3" [_thread_blocked, id=808, stack(0x0000006c5ef00000,0x0000006c5f000000)]
  0x000002483859dc50 JavaThread "Java indexing" daemon [_thread_blocked, id=10224, stack(0x0000006c5f000000,0x0000006c5f100000)]
  0x000002483859aec0 JavaThread "Thread-2" daemon [_thread_in_native, id=16476, stack(0x0000006c5f100000,0x0000006c5f200000)]
  0x000002483859b3d0 JavaThread "Thread-3" daemon [_thread_in_native, id=16480, stack(0x0000006c5f200000,0x0000006c5f300000)]
  0x000002483859b8e0 JavaThread "Thread-4" daemon [_thread_in_native, id=16484, stack(0x0000006c5f300000,0x0000006c5f400000)]
  0x000002483859c300 JavaThread "Thread-5" daemon [_thread_in_native, id=16488, stack(0x0000006c5f400000,0x0000006c5f500000)]
  0x0000024838416fa0 JavaThread "Thread-6" daemon [_thread_in_native, id=16492, stack(0x0000006c5f500000,0x0000006c5f600000)]
  0x0000024838416a90 JavaThread "pool-2-thread-1" [_thread_blocked, id=16504, stack(0x0000006c5f600000,0x0000006c5f700000)]
  0x0000024838410f70 JavaThread "WorkspaceEventsHandler" [_thread_blocked, id=16560, stack(0x0000006c5f800000,0x0000006c5f900000)]
  0x0000024838411ea0 JavaThread "pool-1-thread-1" [_thread_blocked, id=16564, stack(0x0000006c5f900000,0x0000006c5fa00000)]
  0x00000248384123b0 JavaThread "Worker-4" [_thread_blocked, id=17112, stack(0x0000006c5fa00000,0x0000006c5fb00000)]
  0x00000248384179c0 JavaThread "ForkJoinPool.commonPool-worker-1" daemon [_thread_blocked, id=17152, stack(0x0000006c5fb00000,0x0000006c5fc00000)]
  0x00000248384128c0 JavaThread "ForkJoinPool.commonPool-worker-2" daemon [_thread_blocked, id=17164, stack(0x0000006c5fc00000,0x0000006c5fd00000)]
  0x0000024838411480 JavaThread "ForkJoinPool.commonPool-worker-3" daemon [_thread_blocked, id=17184, stack(0x0000006c5fd00000,0x0000006c5fe00000)]
  0x0000024838416070 JavaThread "Worker-5" [_thread_blocked, id=17204, stack(0x0000006c5ff00000,0x0000006c60000000)]
  0x0000024838411990 JavaThread "Worker-6" [_thread_blocked, id=17236, stack(0x0000006c60000000,0x0000006c60100000)]
  0x00000248384183e0 JavaThread "Compiler Source File Reader" daemon [_thread_blocked, id=17284, stack(0x0000006c60100000,0x0000006c60200000)]
  0x0000024838414c30 JavaThread "Compiler Source File Reader" daemon [_thread_blocked, id=17288, stack(0x0000006c60200000,0x0000006c60300000)]
  0x0000024838412dd0 JavaThread "Compiler Processing Task" daemon [_thread_blocked, id=17384, stack(0x0000006c60300000,0x0000006c60400000)]
  0x00000248384188f0 JavaThread "Worker-7" [_thread_blocked, id=17404, stack(0x0000006c60400000,0x0000006c60500000)]
  0x00000248384132e0 JavaThread "Worker-8" [_thread_blocked, id=1148, stack(0x0000006c60500000,0x0000006c60600000)]
  0x0000024838414720 JavaThread "Cleaner-0" daemon [_thread_blocked, id=1156, stack(0x0000006c5fe00000,0x0000006c5ff00000)]
  0x0000024838415b60 JavaThread "Java Debug Server" daemon [_thread_in_native, id=12564, stack(0x0000006c60600000,0x0000006c60700000)]
  0x000002483859bdf0 JavaThread "pool-3-thread-1" [_thread_in_native, id=12084, stack(0x0000006c60700000,0x0000006c60800000)]
  0x000002483787e8a0 JavaThread "RxSchedulerPurge-1" daemon [_thread_blocked, id=16780, stack(0x0000006c60800000,0x0000006c60900000)]
  0x0000024837883eb0 JavaThread "RxCachedWorkerPoolEvictor-1" daemon [_thread_blocked, id=16872, stack(0x0000006c60900000,0x0000006c60a00000)]
  0x0000024837880c10 JavaThread "process reaper (pid 3904)" daemon [_thread_in_native, id=3296, stack(0x0000006c5cbe0000,0x0000006c5cc00000)]
  0x00000248378843c0 JavaThread "RxNewThreadScheduler-5" daemon [_thread_blocked, id=17300, stack(0x0000006c5cf00000,0x0000006c5d000000)]
  0x000002483b375880 JavaThread "C2 CompilerThread1" daemon [_thread_in_native, id=17340, stack(0x0000006c5d000000,0x0000006c5d100000)]

Other Threads:
  0x0000024832326790 VMThread "VM Thread" [stack: 0x0000006c5d300000,0x0000006c5d400000] [id=12964]
  0x00000248378dd830 WatcherThread [stack: 0x0000006c5df00000,0x0000006c5e000000] [id=10264]
  0x000002481e508a00 GCTaskThread "GC Thread#0" [stack: 0x0000006c5d200000,0x0000006c5d300000] [id=15356]
  0x0000024837d91350 GCTaskThread "GC Thread#1" [stack: 0x0000006c5e000000,0x0000006c5e100000] [id=11284]
  0x0000024837d91a20 GCTaskThread "GC Thread#2" [stack: 0x0000006c5e100000,0x0000006c5e200000] [id=14652]
  0x000002483783a320 GCTaskThread "GC Thread#3" [stack: 0x0000006c5e200000,0x0000006c5e300000] [id=8492]

Threads with active compile tasks:
C2 CompilerThread0    73536 12125  s    4       java.lang.StringBuffer::append (15 bytes)
C2 CompilerThread1    73536 12119       4       com.google.gson.internal.bind.TypeAdapterRuntimeTypeWrapper::write (80 bytes)

VM state: not at safepoint (normal execution)

VM Mutex/Monitor currently owned by a thread: None

Heap address: 0x00000000c0000000, size: 1024 MB, Compressed Oops mode: 32-bit

CDS archive(s) not mapped
Compressed class space mapped at: 0x0000000100000000-0x0000000140000000, reserved size: 1073741824
Narrow klass base: 0x0000000000000000, Narrow klass shift: 3, Narrow klass range: 0x140000000

GC Precious Log:
 CPUs: 4 total, 4 available
 Memory: 14287M
 Large Page Support: Disabled
 NUMA Support: Disabled
 Compressed Oops: Enabled (32-bit)
 Alignments: Space 512K, Generation 512K, Heap 2M
 Heap Min Capacity: 100M
 Heap Initial Capacity: 100M
 Heap Max Capacity: 1G
 Pre-touch: Disabled
 Parallel Workers: 4

Heap:
 PSYoungGen      total 13312K, used 7214K [0x00000000eab00000, 0x00000000eba80000, 0x0000000100000000)
  eden space 11264K, 48% used [0x00000000eab00000,0x00000000eb057470,0x00000000eb600000)
  from space 2048K, 85% used [0x00000000eb880000,0x00000000eba34480,0x00000000eba80000)
  to   space 2048K, 0% used [0x00000000eb600000,0x00000000eb600000,0x00000000eb800000)
 ParOldGen       total 442880K, used 411687K [0x00000000c0000000, 0x00000000db080000, 0x00000000eab00000)
  object space 442880K, 92% used [0x00000000c0000000,0x00000000d9209cd8,0x00000000db080000)
 Metaspace       used 78180K, committed 79552K, reserved 1179648K
  class space    used 8166K, committed 8768K, reserved 1048576K

Card table byte_map: [0x000002481de90000,0x000002481e0a0000] _byte_map_base: 0x000002481d890000

Marking Bits: (ParMarkBitMap*) 0x00007ffa391058b0
 Begin Bits: [0x0000024830190000, 0x0000024831190000)
 End Bits:   [0x0000024831190000, 0x0000024832190000)

Polling page: 0x000002481c3e0000

Metaspace:

Usage:
  Non-class:     68.37 MB used.
      Class:      7.98 MB used.
       Both:     76.35 MB used.

Virtual space:
  Non-class space:      128.00 MB reserved,      69.12 MB ( 54%) committed,  2 nodes.
      Class space:        1.00 GB reserved,       8.56 MB ( <1%) committed,  1 nodes.
             Both:        1.12 GB reserved,      77.69 MB (  7%) committed. 

Chunk freelists:
   Non-Class:  10.66 MB
       Class:  7.26 MB
        Both:  17.91 MB

MaxMetaspaceSize: unlimited
CompressedClassSpaceSize: 1.00 GB
Initial GC threshold: 21.00 MB
Current GC threshold: 115.88 MB
CDS: off
MetaspaceReclaimPolicy: balanced
 - commit_granule_bytes: 65536.
 - commit_granule_words: 8192.
 - virtual_space_node_default_size: 8388608.
 - enlarge_chunks_in_place: 1.
 - new_chunks_are_fully_committed: 0.
 - uncommit_free_chunks: 1.
 - use_allocation_guard: 0.
 - handle_deallocations: 1.


Internal statistics:

num_allocs_failed_limit: 9.
num_arena_births: 856.
num_arena_deaths: 30.
num_vsnodes_births: 3.
num_vsnodes_deaths: 0.
num_space_committed: 1243.
num_space_uncommitted: 0.
num_chunks_returned_to_freelist: 42.
num_chunks_taken_from_freelist: 4088.
num_chunk_merges: 14.
num_chunk_splits: 2574.
num_chunks_enlarged: 1576.
num_inconsistent_stats: 0.

CodeHeap 'non-profiled nmethods': size=120000Kb used=6977Kb max_used=6977Kb free=113022Kb
 bounds [0x0000024828c60000, 0x0000024829340000, 0x0000024830190000]
CodeHeap 'profiled nmethods': size=120000Kb used=20233Kb max_used=21346Kb free=99766Kb
 bounds [0x0000024821190000, 0x0000024822670000, 0x00000248286c0000]
CodeHeap 'non-nmethods': size=5760Kb used=1402Kb max_used=1488Kb free=4357Kb
 bounds [0x00000248286c0000, 0x0000024828930000, 0x0000024828c60000]
 total_blobs=10440 nmethods=9678 adapters=674
 compilation: enabled
              stopped_count=0, restarted_count=0
 full_count=0

Compilation events (20 events):
Event: 73.437 Thread 0x000002483238e980 12117       3       org.eclipse.jdt.core.dom.PrimitiveType::accept0 (37 bytes)
Event: 73.437 Thread 0x000002483238e980 nmethod 12117 0x0000024821d12c10 code [0x0000024821d12de0, 0x0000024821d13168]
Event: 73.437 Thread 0x000002483238e980 12118   !   3       org.eclipse.jdt.core.dom.InfixExpression::getLeftOperand (60 bytes)
Event: 73.438 Thread 0x000002483236b0f0 nmethod 12109 0x000002482932d990 code [0x000002482932db40, 0x000002482932e1b8]
Event: 73.438 Thread 0x000002483236b0f0 12115       4       org.eclipse.core.internal.resources.ProjectPreferences::internalGet (26 bytes)
Event: 73.438 Thread 0x000002483238e980 nmethod 12118 0x000002482218a310 code [0x000002482218a580, 0x000002482218b038]
Event: 73.447 Thread 0x000002483b375880 nmethod 12112 0x000002482932e490 code [0x000002482932e6a0, 0x000002482932edc0]
Event: 73.447 Thread 0x000002483b375880 12119       4       com.google.gson.internal.bind.TypeAdapterRuntimeTypeWrapper::write (80 bytes)
Event: 73.452 Thread 0x000002483236b0f0 nmethod 12115 0x000002482932f590 code [0x000002482932f740, 0x0000024829330028]
Event: 73.477 Thread 0x000002483236b0f0 12120       4       org.eclipse.jdt.core.dom.ASTVisitor::endVisit (1 bytes)
Event: 73.477 Thread 0x000002483236b0f0 nmethod 12120 0x0000024829330490 code [0x0000024829330600, 0x0000024829330678]
Event: 73.478 Thread 0x000002483238e980 12121       3       org.eclipse.jdt.internal.core.CompilationUnit::originalFromClone (2 bytes)
Event: 73.479 Thread 0x000002483238e980 nmethod 12121 0x0000024821389610 code [0x00000248213897a0, 0x00000248213898b8]
Event: 73.480 Thread 0x000002483238e980 12122       3       org.eclipse.jdt.internal.compiler.lookup.ReferenceBinding::computeUniqueKey (14 bytes)
Event: 73.480 Thread 0x000002483238e980 nmethod 12122 0x0000024821d12490 code [0x0000024821d12640, 0x0000024821d12918]
Event: 73.481 Thread 0x000002483238e980 12123       3       org.eclipse.jdt.internal.core.util.Messages::bind (13 bytes)
Event: 73.482 Thread 0x000002483238e980 nmethod 12123 0x0000024821ed5e10 code [0x0000024821ed5fe0, 0x0000024821ed6418]
Event: 73.482 Thread 0x000002483238e980 12124       3       org.eclipse.jdt.internal.core.util.Util::getCompilationUnit (138 bytes)
Event: 73.483 Thread 0x000002483238e980 nmethod 12124 0x0000024821d5b790 code [0x0000024821d5baa0, 0x0000024821d5cd58]
Event: 73.484 Thread 0x000002483236b0f0 12125  s    4       java.lang.StringBuffer::append (15 bytes)

GC Heap History (20 events):
Event: 42.818 GC heap before
{Heap before GC invocations=223 (full 13):
 PSYoungGen      total 12800K, used 12424K [0x00000000eab00000, 0x00000000ebf80000, 0x0000000100000000)
  eden space 7168K, 100% used [0x00000000eab00000,0x00000000eb200000,0x00000000eb200000)
  from space 5632K, 93% used [0x00000000eba00000,0x00000000ebf222d8,0x00000000ebf80000)
  to   space 6144K, 0% used [0x00000000eb380000,0x00000000eb380000,0x00000000eb980000)
 ParOldGen       total 442880K, used 401718K [0x00000000c0000000, 0x00000000db080000, 0x00000000eab00000)
  object space 442880K, 90% used [0x00000000c0000000,0x00000000d884dab8,0x00000000db080000)
 Metaspace       used 70715K, committed 71872K, reserved 1114112K
  class space    used 7309K, committed 7808K, reserved 1048576K
}
Event: 42.824 GC heap after
{Heap after GC invocations=223 (full 13):
 PSYoungGen      total 13824K, used 5192K [0x00000000eab00000, 0x00000000ebe00000, 0x0000000100000000)
  eden space 8192K, 0% used [0x00000000eab00000,0x00000000eab00000,0x00000000eb300000)
  from space 5632K, 92% used [0x00000000eb380000,0x00000000eb8922d8,0x00000000eb900000)
  to   space 5120K, 0% used [0x00000000eb900000,0x00000000eb900000,0x00000000ebe00000)
 ParOldGen       total 442880K, used 401726K [0x00000000c0000000, 0x00000000db080000, 0x00000000eab00000)
  object space 442880K, 90% used [0x00000000c0000000,0x00000000d884fab8,0x00000000db080000)
 Metaspace       used 70715K, committed 71872K, reserved 1114112K
  class space    used 7309K, committed 7808K, reserved 1048576K
}
Event: 43.351 GC heap before
{Heap before GC invocations=224 (full 13):
 PSYoungGen      total 13824K, used 13384K [0x00000000eab00000, 0x00000000ebe00000, 0x0000000100000000)
  eden space 8192K, 100% used [0x00000000eab00000,0x00000000eb300000,0x00000000eb300000)
  from space 5632K, 92% used [0x00000000eb380000,0x00000000eb8922d8,0x00000000eb900000)
  to   space 5120K, 0% used [0x00000000eb900000,0x00000000eb900000,0x00000000ebe00000)
 ParOldGen       total 442880K, used 401726K [0x00000000c0000000, 0x00000000db080000, 0x00000000eab00000)
  object space 442880K, 90% used [0x00000000c0000000,0x00000000d884fab8,0x00000000db080000)
 Metaspace       used 71794K, committed 73024K, reserved 1179648K
  class space    used 7409K, committed 7936K, reserved 1048576K
}
Event: 43.355 GC heap after
{Heap after GC invocations=224 (full 13):
 PSYoungGen      total 13312K, used 5092K [0x00000000eab00000, 0x00000000ec000000, 0x0000000100000000)
  eden space 8192K, 0% used [0x00000000eab00000,0x00000000eab00000,0x00000000eb300000)
  from space 5120K, 99% used [0x00000000eb900000,0x00000000ebdf9360,0x00000000ebe00000)
  to   space 6144K, 0% used [0x00000000eb300000,0x00000000eb300000,0x00000000eb900000)
 ParOldGen       total 442880K, used 402363K [0x00000000c0000000, 0x00000000db080000, 0x00000000eab00000)
  object space 442880K, 90% used [0x00000000c0000000,0x00000000d88eeec0,0x00000000db080000)
 Metaspace       used 71794K, committed 73024K, reserved 1179648K
  class space    used 7409K, committed 7936K, reserved 1048576K
}
Event: 43.481 GC heap before
{Heap before GC invocations=225 (full 13):
 PSYoungGen      total 13312K, used 13284K [0x00000000eab00000, 0x00000000ec000000, 0x0000000100000000)
  eden space 8192K, 100% used [0x00000000eab00000,0x00000000eb300000,0x00000000eb300000)
  from space 5120K, 99% used [0x00000000eb900000,0x00000000ebdf9360,0x00000000ebe00000)
  to   space 6144K, 0% used [0x00000000eb300000,0x00000000eb300000,0x00000000eb900000)
 ParOldGen       total 442880K, used 402363K [0x00000000c0000000, 0x00000000db080000, 0x00000000eab00000)
  object space 442880K, 90% used [0x00000000c0000000,0x00000000d88eeec0,0x00000000db080000)
 Metaspace       used 72510K, committed 73792K, reserved 1179648K
  class space    used 7459K, committed 8000K, reserved 1048576K
}
Event: 43.490 GC heap after
{Heap after GC invocations=225 (full 13):
 PSYoungGen      total 9216K, used 992K [0x00000000eab00000, 0x00000000eba00000, 0x0000000100000000)
  eden space 8192K, 0% used [0x00000000eab00000,0x00000000eab00000,0x00000000eb300000)
  from space 1024K, 96% used [0x00000000eb300000,0x00000000eb3f8020,0x00000000eb400000)
  to   space 3072K, 0% used [0x00000000eb700000,0x00000000eb700000,0x00000000eba00000)
 ParOldGen       total 442880K, used 406826K [0x00000000c0000000, 0x00000000db080000, 0x00000000eab00000)
  object space 442880K, 91% used [0x00000000c0000000,0x00000000d8d4a9f8,0x00000000db080000)
 Metaspace       used 72510K, committed 73792K, reserved 1179648K
  class space    used 7459K, committed 8000K, reserved 1048576K
}
Event: 43.668 GC heap before
{Heap before GC invocations=226 (full 13):
 PSYoungGen      total 9216K, used 9184K [0x00000000eab00000, 0x00000000eba00000, 0x0000000100000000)
  eden space 8192K, 100% used [0x00000000eab00000,0x00000000eb300000,0x00000000eb300000)
  from space 1024K, 96% used [0x00000000eb300000,0x00000000eb3f8020,0x00000000eb400000)
  to   space 3072K, 0% used [0x00000000eb700000,0x00000000eb700000,0x00000000eba00000)
 ParOldGen       total 442880K, used 406826K [0x00000000c0000000, 0x00000000db080000, 0x00000000eab00000)
  object space 442880K, 91% used [0x00000000c0000000,0x00000000d8d4a9f8,0x00000000db080000)
 Metaspace       used 73514K, committed 74752K, reserved 1179648K
  class space    used 7589K, committed 8128K, reserved 1048576K
}
Event: 43.674 GC heap after
{Heap after GC invocations=226 (full 13):
 PSYoungGen      total 11264K, used 1973K [0x00000000eab00000, 0x00000000eb900000, 0x0000000100000000)
  eden space 9216K, 0% used [0x00000000eab00000,0x00000000eab00000,0x00000000eb400000)
  from space 2048K, 96% used [0x00000000eb700000,0x00000000eb8ed4d0,0x00000000eb900000)
  to   space 2560K, 0% used [0x00000000eb400000,0x00000000eb400000,0x00000000eb680000)
 ParOldGen       total 442880K, used 406834K [0x00000000c0000000, 0x00000000db080000, 0x00000000eab00000)
  object space 442880K, 91% used [0x00000000c0000000,0x00000000d8d4c9f8,0x00000000db080000)
 Metaspace       used 73514K, committed 74752K, reserved 1179648K
  class space    used 7589K, committed 8128K, reserved 1048576K
}
Event: 43.872 GC heap before
{Heap before GC invocations=227 (full 13):
 PSYoungGen      total 11264K, used 11189K [0x00000000eab00000, 0x00000000eb900000, 0x0000000100000000)
  eden space 9216K, 100% used [0x00000000eab00000,0x00000000eb400000,0x00000000eb400000)
  from space 2048K, 96% used [0x00000000eb700000,0x00000000eb8ed4d0,0x00000000eb900000)
  to   space 2560K, 0% used [0x00000000eb400000,0x00000000eb400000,0x00000000eb680000)
 ParOldGen       total 442880K, used 406834K [0x00000000c0000000, 0x00000000db080000, 0x00000000eab00000)
  object space 442880K, 91% used [0x00000000c0000000,0x00000000d8d4c9f8,0x00000000db080000)
 Metaspace       used 73732K, committed 74944K, reserved 1179648K
  class space    used 7606K, committed 8128K, reserved 1048576K
}
Event: 43.879 GC heap after
{Heap after GC invocations=227 (full 13):
 PSYoungGen      total 11776K, used 2554K [0x00000000eab00000, 0x00000000ec200000, 0x0000000100000000)
  eden space 9216K, 0% used [0x00000000eab00000,0x00000000eab00000,0x00000000eb400000)
  from space 2560K, 99% used [0x00000000eb400000,0x00000000eb67ea78,0x00000000eb680000)
  to   space 6656K, 0% used [0x00000000ebb80000,0x00000000ebb80000,0x00000000ec200000)
 ParOldGen       total 442880K, used 409936K [0x00000000c0000000, 0x00000000db080000, 0x00000000eab00000)
  object space 442880K, 92% used [0x00000000c0000000,0x00000000d9054230,0x00000000db080000)
 Metaspace       used 73732K, committed 74944K, reserved 1179648K
  class space    used 7606K, committed 8128K, reserved 1048576K
}
Event: 44.037 GC heap before
{Heap before GC invocations=228 (full 13):
 PSYoungGen      total 11776K, used 11770K [0x00000000eab00000, 0x00000000ec200000, 0x0000000100000000)
  eden space 9216K, 100% used [0x00000000eab00000,0x00000000eb400000,0x00000000eb400000)
  from space 2560K, 99% used [0x00000000eb400000,0x00000000eb67ea78,0x00000000eb680000)
  to   space 6656K, 0% used [0x00000000ebb80000,0x00000000ebb80000,0x00000000ec200000)
 ParOldGen       total 442880K, used 409936K [0x00000000c0000000, 0x00000000db080000, 0x00000000eab00000)
  object space 442880K, 92% used [0x00000000c0000000,0x00000000d9054230,0x00000000db080000)
 Metaspace       used 74616K, committed 75904K, reserved 1179648K
  class space    used 7703K, committed 8256K, reserved 1048576K
}
Event: 44.043 GC heap after
{Heap after GC invocations=228 (full 13):
 PSYoungGen      total 12800K, used 2586K [0x00000000eab00000, 0x00000000ebe80000, 0x0000000100000000)
  eden space 9728K, 0% used [0x00000000eab00000,0x00000000eab00000,0x00000000eb480000)
  from space 3072K, 84% used [0x00000000ebb80000,0x00000000ebe06a78,0x00000000ebe80000)
  to   space 4096K, 0% used [0x00000000eb680000,0x00000000eb680000,0x00000000eba80000)
 ParOldGen       total 442880K, used 410160K [0x00000000c0000000, 0x00000000db080000, 0x00000000eab00000)
  object space 442880K, 92% used [0x00000000c0000000,0x00000000d908c230,0x00000000db080000)
 Metaspace       used 74616K, committed 75904K, reserved 1179648K
  class space    used 7703K, committed 8256K, reserved 1048576K
}
Event: 44.827 GC heap before
{Heap before GC invocations=229 (full 13):
 PSYoungGen      total 12800K, used 12314K [0x00000000eab00000, 0x00000000ebe80000, 0x0000000100000000)
  eden space 9728K, 100% used [0x00000000eab00000,0x00000000eb480000,0x00000000eb480000)
  from space 3072K, 84% used [0x00000000ebb80000,0x00000000ebe06a78,0x00000000ebe80000)
  to   space 4096K, 0% used [0x00000000eb680000,0x00000000eb680000,0x00000000eba80000)
 ParOldGen       total 442880K, used 410160K [0x00000000c0000000, 0x00000000db080000, 0x00000000eab00000)
  object space 442880K, 92% used [0x00000000c0000000,0x00000000d908c230,0x00000000db080000)
 Metaspace       used 75452K, committed 76864K, reserved 1179648K
  class space    used 7798K, committed 8448K, reserved 1048576K
}
Event: 44.833 GC heap after
{Heap after GC invocations=229 (full 13):
 PSYoungGen      total 13312K, used 2845K [0x00000000eab00000, 0x00000000ebc00000, 0x0000000100000000)
  eden space 10240K, 0% used [0x00000000eab00000,0x00000000eab00000,0x00000000eb500000)
  from space 3072K, 92% used [0x00000000eb680000,0x00000000eb947708,0x00000000eb980000)
  to   space 2560K, 0% used [0x00000000eb980000,0x00000000eb980000,0x00000000ebc00000)
 ParOldGen       total 442880K, used 410168K [0x00000000c0000000, 0x00000000db080000, 0x00000000eab00000)
  object space 442880K, 92% used [0x00000000c0000000,0x00000000d908e230,0x00000000db080000)
 Metaspace       used 75452K, committed 76864K, reserved 1179648K
  class space    used 7798K, committed 8448K, reserved 1048576K
}
Event: 45.009 GC heap before
{Heap before GC invocations=230 (full 13):
 PSYoungGen      total 13312K, used 13085K [0x00000000eab00000, 0x00000000ebc00000, 0x0000000100000000)
  eden space 10240K, 100% used [0x00000000eab00000,0x00000000eb500000,0x00000000eb500000)
  from space 3072K, 92% used [0x00000000eb680000,0x00000000eb947708,0x00000000eb980000)
  to   space 2560K, 0% used [0x00000000eb980000,0x00000000eb980000,0x00000000ebc00000)
 ParOldGen       total 442880K, used 410168K [0x00000000c0000000, 0x00000000db080000, 0x00000000eab00000)
  object space 442880K, 92% used [0x00000000c0000000,0x00000000d908e230,0x00000000db080000)
 Metaspace       used 76635K, committed 78016K, reserved 1179648K
  class space    used 7959K, committed 8576K, reserved 1048576K
}
Event: 45.013 GC heap after
{Heap after GC invocations=230 (full 13):
 PSYoungGen      total 13312K, used 2555K [0x00000000eab00000, 0x00000000ebc00000, 0x0000000100000000)
  eden space 10752K, 0% used [0x00000000eab00000,0x00000000eab00000,0x00000000eb580000)
  from space 2560K, 99% used [0x00000000eb980000,0x00000000ebbfef08,0x00000000ebc00000)
  to   space 3072K, 0% used [0x00000000eb600000,0x00000000eb600000,0x00000000eb900000)
 ParOldGen       total 442880K, used 410512K [0x00000000c0000000, 0x00000000db080000, 0x00000000eab00000)
  object space 442880K, 92% used [0x00000000c0000000,0x00000000d90e4250,0x00000000db080000)
 Metaspace       used 76635K, committed 78016K, reserved 1179648K
  class space    used 7959K, committed 8576K, reserved 1048576K
}
Event: 47.052 GC heap before
{Heap before GC invocations=231 (full 13):
 PSYoungGen      total 13312K, used 13307K [0x00000000eab00000, 0x00000000ebc00000, 0x0000000100000000)
  eden space 10752K, 100% used [0x00000000eab00000,0x00000000eb580000,0x00000000eb580000)
  from space 2560K, 99% used [0x00000000eb980000,0x00000000ebbfef08,0x00000000ebc00000)
  to   space 3072K, 0% used [0x00000000eb600000,0x00000000eb600000,0x00000000eb900000)
 ParOldGen       total 442880K, used 410512K [0x00000000c0000000, 0x00000000db080000, 0x00000000eab00000)
  object space 442880K, 92% used [0x00000000c0000000,0x00000000d90e4250,0x00000000db080000)
 Metaspace       used 77798K, committed 79168K, reserved 1179648K
  class space    used 8139K, committed 8768K, reserved 1048576K
}
Event: 47.056 GC heap after
{Heap after GC invocations=231 (full 13):
 PSYoungGen      total 13312K, used 1681K [0x00000000eab00000, 0x00000000ebb00000, 0x0000000100000000)
  eden space 11264K, 0% used [0x00000000eab00000,0x00000000eab00000,0x00000000eb600000)
  from space 2048K, 82% used [0x00000000eb600000,0x00000000eb7a4480,0x00000000eb800000)
  to   space 2560K, 0% used [0x00000000eb880000,0x00000000eb880000,0x00000000ebb00000)
 ParOldGen       total 442880K, used 411679K [0x00000000c0000000, 0x00000000db080000, 0x00000000eab00000)
  object space 442880K, 92% used [0x00000000c0000000,0x00000000d9207cd8,0x00000000db080000)
 Metaspace       used 77798K, committed 79168K, reserved 1179648K
  class space    used 8139K, committed 8768K, reserved 1048576K
}
Event: 68.598 GC heap before
{Heap before GC invocations=232 (full 13):
 PSYoungGen      total 13312K, used 12945K [0x00000000eab00000, 0x00000000ebb00000, 0x0000000100000000)
  eden space 11264K, 100% used [0x00000000eab00000,0x00000000eb600000,0x00000000eb600000)
  from space 2048K, 82% used [0x00000000eb600000,0x00000000eb7a4480,0x00000000eb800000)
  to   space 2560K, 0% used [0x00000000eb880000,0x00000000eb880000,0x00000000ebb00000)
 ParOldGen       total 442880K, used 411679K [0x00000000c0000000, 0x00000000db080000, 0x00000000eab00000)
  object space 442880K, 92% used [0x00000000c0000000,0x00000000d9207cd8,0x00000000db080000)
 Metaspace       used 78100K, committed 79488K, reserved 1179648K
  class space    used 8165K, committed 8768K, reserved 1048576K
}
Event: 68.603 GC heap after
{Heap after GC invocations=232 (full 13):
 PSYoungGen      total 13312K, used 1745K [0x00000000eab00000, 0x00000000eba80000, 0x0000000100000000)
  eden space 11264K, 0% used [0x00000000eab00000,0x00000000eab00000,0x00000000eb600000)
  from space 2048K, 85% used [0x00000000eb880000,0x00000000eba34480,0x00000000eba80000)
  to   space 2048K, 0% used [0x00000000eb600000,0x00000000eb600000,0x00000000eb800000)
 ParOldGen       total 442880K, used 411687K [0x00000000c0000000, 0x00000000db080000, 0x00000000eab00000)
  object space 442880K, 92% used [0x00000000c0000000,0x00000000d9209cd8,0x00000000db080000)
 Metaspace       used 78100K, committed 79488K, reserved 1179648K
  class space    used 8165K, committed 8768K, reserved 1048576K
}

Dll operation events (12 events):
Event: 0.022 Loaded shared library c:\Users\Admin\.vscode\extensions\redhat.java-1.35.0-win32-x64\jre\17.0.12-win32-x86_64\bin\java.dll
Event: 0.665 Loaded shared library c:\Users\Admin\.vscode\extensions\redhat.java-1.35.0-win32-x64\jre\17.0.12-win32-x86_64\bin\zip.dll
Event: 0.670 Loaded shared library C:\Users\Admin\.vscode\extensions\redhat.java-1.35.0-win32-x64\jre\17.0.12-win32-x86_64\bin\instrument.dll
Event: 0.794 Loaded shared library C:\Users\Admin\.vscode\extensions\redhat.java-1.35.0-win32-x64\jre\17.0.12-win32-x86_64\bin\net.dll
Event: 0.797 Loaded shared library C:\Users\Admin\.vscode\extensions\redhat.java-1.35.0-win32-x64\jre\17.0.12-win32-x86_64\bin\nio.dll
Event: 0.807 Loaded shared library C:\Users\Admin\.vscode\extensions\redhat.java-1.35.0-win32-x64\jre\17.0.12-win32-x86_64\bin\zip.dll
Event: 0.862 Loaded shared library C:\Users\Admin\.vscode\extensions\redhat.java-1.35.0-win32-x64\jre\17.0.12-win32-x86_64\bin\jimage.dll
Event: 1.135 Loaded shared library c:\Users\Admin\.vscode\extensions\redhat.java-1.35.0-win32-x64\jre\17.0.12-win32-x86_64\bin\verify.dll
Event: 3.997 Loaded shared library C:\Users\Admin\AppData\Roaming\Code\User\globalStorage\redhat.java\1.35.0\config_win\org.eclipse.equinox.launcher\org.eclipse.equinox.launcher.win32.win32.x86_64_1.2.1100.v20240722-2106\eclipse_11904.dll
Event: 8.084 Loaded shared library C:\Users\Admin\AppData\Local\Temp\jna-63116079\jna15533875328849710933.dll
Event: 26.331 Loaded shared library C:\Users\Admin\.vscode\extensions\redhat.java-1.35.0-win32-x64\jre\17.0.12-win32-x86_64\bin\sunmscapi.dll
Event: 44.767 Loaded shared library C:\Users\Admin\.vscode\extensions\redhat.java-1.35.0-win32-x64\jre\17.0.12-win32-x86_64\bin\extnet.dll

Deoptimization events (20 events):
Event: 68.532 Thread 0x0000024838411480 Uncommon trap: trap_request=0xffffffbe fr.pc=0x0000024829093ebc relative=0x000000000000037c
Event: 68.532 Thread 0x0000024838411480 Uncommon trap: reason=profile_predicate action=maybe_recompile pc=0x0000024829093ebc method=java.util.Arrays.binarySearch0([Ljava/lang/Object;IILjava/lang/Object;)I @ 12 c2
Event: 68.532 Thread 0x0000024838411480 DEOPT PACKING pc=0x0000024829093ebc sp=0x0000006c5fdfdd20
Event: 68.532 Thread 0x0000024838411480 DEOPT UNPACKING pc=0x00000248287166a3 sp=0x0000006c5fdfdca0 mode 2
Event: 70.970 Thread 0x0000024838411480 Uncommon trap: trap_request=0xffffffd6 fr.pc=0x000002482909f700 relative=0x0000000000006860
Event: 70.970 Thread 0x0000024838411480 Uncommon trap: reason=array_check action=maybe_recompile pc=0x000002482909f700 method=org.eclipse.jdt.internal.compiler.classfmt.ModuleInfo.readModuleAttribute(I)V @ 1029 c2
Event: 70.970 Thread 0x0000024838411480 DEOPT PACKING pc=0x000002482909f700 sp=0x0000006c5fdfe0a0
Event: 70.970 Thread 0x0000024838411480 DEOPT UNPACKING pc=0x00000248287166a3 sp=0x0000006c5fdfe048 mode 2
Event: 70.970 Thread 0x0000024838411480 Uncommon trap: trap_request=0xffffffd6 fr.pc=0x000002482909f700 relative=0x0000000000006860
Event: 70.970 Thread 0x0000024838411480 Uncommon trap: reason=array_check action=maybe_recompile pc=0x000002482909f700 method=org.eclipse.jdt.internal.compiler.classfmt.ModuleInfo.readModuleAttribute(I)V @ 1029 c2
Event: 70.970 Thread 0x0000024838411480 DEOPT PACKING pc=0x000002482909f700 sp=0x0000006c5fdfe020
Event: 70.970 Thread 0x0000024838411480 DEOPT UNPACKING pc=0x00000248287166a3 sp=0x0000006c5fdfdfc8 mode 2
Event: 70.970 Thread 0x0000024838411480 Uncommon trap: trap_request=0xffffffd6 fr.pc=0x000002482909f700 relative=0x0000000000006860
Event: 70.970 Thread 0x0000024838411480 Uncommon trap: reason=array_check action=maybe_recompile pc=0x000002482909f700 method=org.eclipse.jdt.internal.compiler.classfmt.ModuleInfo.readModuleAttribute(I)V @ 1029 c2
Event: 70.970 Thread 0x0000024838411480 DEOPT PACKING pc=0x000002482909f700 sp=0x0000006c5fdfe020
Event: 70.970 Thread 0x0000024838411480 DEOPT UNPACKING pc=0x00000248287166a3 sp=0x0000006c5fdfdfc8 mode 2
Event: 70.970 Thread 0x0000024838411480 Uncommon trap: trap_request=0xffffffd6 fr.pc=0x000002482909f700 relative=0x0000000000006860
Event: 70.970 Thread 0x0000024838411480 Uncommon trap: reason=array_check action=maybe_recompile pc=0x000002482909f700 method=org.eclipse.jdt.internal.compiler.classfmt.ModuleInfo.readModuleAttribute(I)V @ 1029 c2
Event: 70.970 Thread 0x0000024838411480 DEOPT PACKING pc=0x000002482909f700 sp=0x0000006c5fdfe0a0
Event: 70.970 Thread 0x0000024838411480 DEOPT UNPACKING pc=0x00000248287166a3 sp=0x0000006c5fdfe048 mode 2

Classes loaded (20 events):
Event: 45.228 Loading class java/util/concurrent/CompletableFuture$UniCompose
Event: 45.247 Loading class java/util/concurrent/CompletableFuture$UniCompose done
Event: 45.247 Loading class java/util/concurrent/CompletableFuture$UniRelay
Event: 45.247 Loading class java/util/concurrent/CompletableFuture$UniRelay done
Event: 45.983 Loading class java/util/concurrent/ScheduledThreadPoolExecutor$DelayedWorkQueue$Itr
Event: 45.984 Loading class java/util/concurrent/ScheduledThreadPoolExecutor$DelayedWorkQueue$Itr done
Event: 47.011 Loading class jdk/internal/reflect/UnsafeLongFieldAccessorImpl
Event: 47.011 Loading class jdk/internal/reflect/UnsafeLongFieldAccessorImpl done
Event: 47.098 Loading class java/util/stream/IntPipeline$1
Event: 47.098 Loading class java/util/stream/IntPipeline$1 done
Event: 47.099 Loading class java/util/stream/IntPipeline$1$1
Event: 47.099 Loading class java/util/stream/IntPipeline$1$1 done
Event: 47.369 Loading class java/util/stream/Streams$RangeIntSpliterator
Event: 47.369 Loading class java/util/stream/Streams$RangeIntSpliterator done
Event: 47.374 Loading class java/lang/ProcessHandleImpl$ExitCompletion
Event: 47.375 Loading class java/lang/ProcessHandleImpl$ExitCompletion done
Event: 47.375 Loading class java/lang/ProcessHandleImpl$1
Event: 47.375 Loading class java/lang/ProcessHandleImpl$1 done
Event: 47.378 Loading class java/util/concurrent/CompletableFuture$UniHandle
Event: 47.378 Loading class java/util/concurrent/CompletableFuture$UniHandle done

Classes unloaded (15 events):
Event: 10.858 Thread 0x0000024832326790 Unloading class 0x000000010038b400 'java/lang/invoke/LambdaForm$MH+0x000000010038b400'
Event: 10.858 Thread 0x0000024832326790 Unloading class 0x000000010038a400 'java/lang/invoke/LambdaForm$MH+0x000000010038a400'
Event: 10.858 Thread 0x0000024832326790 Unloading class 0x000000010038a000 'java/lang/invoke/LambdaForm$DMH+0x000000010038a000'
Event: 10.858 Thread 0x0000024832326790 Unloading class 0x0000000100389800 'java/lang/invoke/LambdaForm$MH+0x0000000100389800'
Event: 10.858 Thread 0x0000024832326790 Unloading class 0x0000000100389000 'java/lang/invoke/LambdaForm$MH+0x0000000100389000'
Event: 10.858 Thread 0x0000024832326790 Unloading class 0x0000000100384c00 'java/lang/invoke/LambdaForm$MH+0x0000000100384c00'
Event: 10.858 Thread 0x0000024832326790 Unloading class 0x0000000100384000 'java/lang/invoke/LambdaForm$MH+0x0000000100384000'
Event: 10.858 Thread 0x0000024832326790 Unloading class 0x000000010024a400 'java/lang/invoke/LambdaForm$MH+0x000000010024a400'
Event: 10.858 Thread 0x0000024832326790 Unloading class 0x000000010024a000 'java/lang/invoke/LambdaForm$MH+0x000000010024a000'
Event: 10.858 Thread 0x0000024832326790 Unloading class 0x0000000100249c00 'java/lang/invoke/LambdaForm$MH+0x0000000100249c00'
Event: 10.858 Thread 0x0000024832326790 Unloading class 0x0000000100249800 'java/lang/invoke/LambdaForm$MH+0x0000000100249800'
Event: 10.858 Thread 0x0000024832326790 Unloading class 0x0000000100249400 'java/lang/invoke/LambdaForm$BMH+0x0000000100249400'
Event: 10.858 Thread 0x0000024832326790 Unloading class 0x0000000100249000 'java/lang/invoke/LambdaForm$DMH+0x0000000100249000'
Event: 10.858 Thread 0x0000024832326790 Unloading class 0x0000000100244400 'java/lang/invoke/LambdaForm$DMH+0x0000000100244400'
Event: 29.718 Thread 0x0000024832326790 Unloading class 0x0000000100741000 'java/lang/invoke/LambdaForm$MH+0x0000000100741000'

Classes redefined (0 events):
No events

Internal exceptions (20 events):
Event: 53.911 Thread 0x0000024838411480 Exception <a 'sun/nio/fs/WindowsException'{0x00000000eb1a8df8}> (0x00000000eb1a8df8) 
thrown [s\src\hotspot\share\prims\jni.cpp, line 516]
Event: 53.911 Thread 0x0000024838411480 Exception <a 'sun/nio/fs/WindowsException'{0x00000000eb1a9538}> (0x00000000eb1a9538) 
thrown [s\src\hotspot\share\prims\jni.cpp, line 516]
Event: 53.912 Thread 0x0000024838411480 Exception <a 'sun/nio/fs/WindowsException'{0x00000000eb1aa468}> (0x00000000eb1aa468) 
thrown [s\src\hotspot\share\prims\jni.cpp, line 516]
Event: 53.912 Thread 0x0000024838411480 Exception <a 'sun/nio/fs/WindowsException'{0x00000000eb1aae30}> (0x00000000eb1aae30) 
thrown [s\src\hotspot\share\prims\jni.cpp, line 516]
Event: 53.913 Thread 0x0000024838411480 Exception <a 'sun/nio/fs/WindowsException'{0x00000000eb1ae8e8}> (0x00000000eb1ae8e8) 
thrown [s\src\hotspot\share\prims\jni.cpp, line 516]
Event: 53.913 Thread 0x0000024838411480 Exception <a 'sun/nio/fs/WindowsException'{0x00000000eb1af008}> (0x00000000eb1af008) 
thrown [s\src\hotspot\share\prims\jni.cpp, line 516]
Event: 54.075 Thread 0x0000024837882a70 Exception <a 'sun/nio/fs/WindowsException'{0x00000000eb262d68}> (0x00000000eb262d68) 
thrown [s\src\hotspot\share\prims\jni.cpp, line 516]
Event: 54.075 Thread 0x0000024837882a70 Exception <a 'sun/nio/fs/WindowsException'{0x00000000eb263048}> (0x00000000eb263048) 
thrown [s\src\hotspot\share\prims\jni.cpp, line 516]
Event: 54.075 Thread 0x0000024837882a70 Exception <a 'sun/nio/fs/WindowsException'{0x00000000eb2639a8}> (0x00000000eb2639a8) 
thrown [s\src\hotspot\share\prims\jni.cpp, line 516]
Event: 54.075 Thread 0x0000024837882a70 Exception <a 'sun/nio/fs/WindowsException'{0x00000000eb263c78}> (0x00000000eb263c78) 
thrown [s\src\hotspot\share\prims\jni.cpp, line 516]
Event: 70.967 Thread 0x0000024838411480 Exception <a 'sun/nio/fs/WindowsException'{0x00000000ead83ec8}> (0x00000000ead83ec8) 
thrown [s\src\hotspot\share\prims\jni.cpp, line 516]
Event: 70.967 Thread 0x0000024838411480 Exception <a 'sun/nio/fs/WindowsException'{0x00000000ead84608}> (0x00000000ead84608) 
thrown [s\src\hotspot\share\prims\jni.cpp, line 516]
Event: 70.968 Thread 0x0000024838411480 Exception <a 'sun/nio/fs/WindowsException'{0x00000000ead85538}> (0x00000000ead85538) 
thrown [s\src\hotspot\share\prims\jni.cpp, line 516]
Event: 70.968 Thread 0x0000024838411480 Exception <a 'sun/nio/fs/WindowsException'{0x00000000ead85f00}> (0x00000000ead85f00) 
thrown [s\src\hotspot\share\prims\jni.cpp, line 516]
Event: 70.969 Thread 0x0000024838411480 Exception <a 'sun/nio/fs/WindowsException'{0x00000000ead89768}> (0x00000000ead89768) 
thrown [s\src\hotspot\share\prims\jni.cpp, line 516]
Event: 70.969 Thread 0x0000024838411480 Exception <a 'sun/nio/fs/WindowsException'{0x00000000ead89e88}> (0x00000000ead89e88) 
thrown [s\src\hotspot\share\prims\jni.cpp, line 516]
Event: 71.081 Thread 0x00000248378843c0 Exception <a 'sun/nio/fs/WindowsException'{0x00000000eae512a8}> (0x00000000eae512a8) 
thrown [s\src\hotspot\share\prims\jni.cpp, line 516]
Event: 71.081 Thread 0x00000248378843c0 Exception <a 'sun/nio/fs/WindowsException'{0x00000000eae51588}> (0x00000000eae51588) 
thrown [s\src\hotspot\share\prims\jni.cpp, line 516]
Event: 71.082 Thread 0x00000248378843c0 Exception <a 'sun/nio/fs/WindowsException'{0x00000000eae51ee8}> (0x00000000eae51ee8) 
thrown [s\src\hotspot\share\prims\jni.cpp, line 516]
Event: 71.082 Thread 0x00000248378843c0 Exception <a 'sun/nio/fs/WindowsException'{0x00000000eae521b8}> (0x00000000eae521b8) 
thrown [s\src\hotspot\share\prims\jni.cpp, line 516]

VM Operations (20 events):
Event: 54.111 Executing VM operation: Cleanup
Event: 54.111 Executing VM operation: Cleanup done
Event: 55.113 Executing VM operation: Cleanup
Event: 55.113 Executing VM operation: Cleanup done
Event: 60.150 Executing VM operation: HandshakeAllThreads
Event: 60.150 Executing VM operation: HandshakeAllThreads done
Event: 62.164 Executing VM operation: Cleanup
Event: 62.165 Executing VM operation: Cleanup done
Event: 66.211 Executing VM operation: Cleanup
Event: 66.211 Executing VM operation: Cleanup done
Event: 67.211 Executing VM operation: Cleanup
Event: 67.211 Executing VM operation: Cleanup done
Event: 68.598 Executing VM operation: ParallelGCFailedAllocation
Event: 68.603 Executing VM operation: ParallelGCFailedAllocation done
Event: 69.609 Executing VM operation: Cleanup
Event: 69.609 Executing VM operation: Cleanup done
Event: 71.638 Executing VM operation: Cleanup
Event: 71.638 Executing VM operation: Cleanup done
Event: 72.641 Executing VM operation: Cleanup
Event: 72.641 Executing VM operation: Cleanup done

Events (20 events):
Event: 47.385 Thread 0x0000024837881b40 Thread exited: 0x0000024837881b40
Event: 47.515 Thread 0x00000248378843c0 Thread exited: 0x00000248378843c0
Event: 48.528 Thread 0x000002483b379840 Thread added: 0x000002483b379840
Event: 49.970 Thread 0x000002483b379840 Thread exited: 0x000002483b379840
Event: 52.837 Thread 0x000002483b37a2e0 Thread added: 0x000002483b37a2e0
Event: 54.029 Thread 0x0000024837882a70 Thread added: 0x0000024837882a70
Event: 54.081 Thread 0x0000024837882050 Thread added: 0x0000024837882050
Event: 54.089 Thread 0x000002483787fce0 Thread added: 0x000002483787fce0
Event: 54.090 Thread 0x0000024837882050 Thread exited: 0x0000024837882050
Event: 54.316 Thread 0x000002483787fce0 Thread exited: 0x000002483787fce0
Event: 54.457 Thread 0x0000024837882a70 Thread exited: 0x0000024837882a70
Event: 56.974 Thread 0x000002483b37a2e0 Thread exited: 0x000002483b37a2e0
Event: 68.536 Thread 0x000002483b378850 Thread added: 0x000002483b378850
Event: 68.752 Thread 0x000002483b378850 Thread exited: 0x000002483b378850
Event: 71.053 Thread 0x00000248378843c0 Thread added: 0x00000248378843c0
Event: 71.086 Thread 0x00000248378848d0 Thread added: 0x00000248378848d0
Event: 71.127 Thread 0x000002483787de80 Thread added: 0x000002483787de80
Event: 71.127 Thread 0x00000248378848d0 Thread exited: 0x00000248378848d0
Event: 71.401 Thread 0x000002483787de80 Thread exited: 0x000002483787de80
Event: 73.342 Thread 0x000002483b375880 Thread added: 0x000002483b375880


Dynamic libraries:
0x00007ff74e960000 - 0x00007ff74e96e000 	c:\Users\Admin\.vscode\extensions\redhat.java-1.35.0-win32-x64\jre\17.0.12-win32-x86_64\bin\java.exe
0x00007ffacbf70000 - 0x00007ffacc168000 	C:\Windows\SYSTEM32\ntdll.dll
0x00007ffaa7020000 - 0x00007ffaa703a000 	C:\Program Files\Avast Software\Avast\aswhook.dll
0x00007ffaca670000 - 0x00007ffaca732000 	C:\Windows\System32\KERNEL32.DLL
0x00007ffac99a0000 - 0x00007ffac9c9e000 	C:\Windows\System32\KERNELBASE.dll
0x00007ffac98a0000 - 0x00007ffac99a0000 	C:\Windows\System32\ucrtbase.dll
0x00007ffa989f0000 - 0x00007ffa98a07000 	c:\Users\Admin\.vscode\extensions\redhat.java-1.35.0-win32-x64\jre\17.0.12-win32-x86_64\bin\jli.dll
0x00007ffacb480000 - 0x00007ffacb61d000 	C:\Windows\System32\USER32.dll
0x00007ffac9680000 - 0x00007ffac96a2000 	C:\Windows\System32\win32u.dll
0x00007ffacb150000 - 0x00007ffacb17b000 	C:\Windows\System32\GDI32.dll
0x00007ffac9e70000 - 0x00007ffac9f87000 	C:\Windows\System32\gdi32full.dll
0x00007ffac9cd0000 - 0x00007ffac9d6d000 	C:\Windows\System32\msvcp_win.dll
0x00007ffa983d0000 - 0x00007ffa983eb000 	c:\Users\Admin\.vscode\extensions\redhat.java-1.35.0-win32-x64\jre\17.0.12-win32-x86_64\bin\VCRUNTIME140.dll
0x00007ffaab820000 - 0x00007ffaababa000 	C:\Windows\WinSxS\amd64_microsoft.windows.common-controls_6595b64144ccf1df_6.0.19041.4355_none_60b8b9eb71f62e16\COMCTL32.dll
0x00007ffacb620000 - 0x00007ffacb6be000 	C:\Windows\System32\msvcrt.dll
0x00007ffacaf70000 - 0x00007ffacaf9f000 	C:\Windows\System32\IMM32.DLL
0x00007ffab0240000 - 0x00007ffab024c000 	c:\Users\Admin\.vscode\extensions\redhat.java-1.35.0-win32-x64\jre\17.0.12-win32-x86_64\bin\vcruntime140_1.dll
0x00007ffa52e00000 - 0x00007ffa52e8d000 	c:\Users\Admin\.vscode\extensions\redhat.java-1.35.0-win32-x64\jre\17.0.12-win32-x86_64\bin\msvcp140.dll
0x00007ffa38560000 - 0x00007ffa391ca000 	c:\Users\Admin\.vscode\extensions\redhat.java-1.35.0-win32-x64\jre\17.0.12-win32-x86_64\bin\server\jvm.dll
0x00007ffacb770000 - 0x00007ffacb822000 	C:\Windows\System32\ADVAPI32.dll
0x00007ffacb2a0000 - 0x00007ffacb340000 	C:\Windows\System32\sechost.dll
0x00007ffacbb90000 - 0x00007ffacbcb3000 	C:\Windows\System32\RPCRT4.dll
0x00007ffac9ca0000 - 0x00007ffac9cc7000 	C:\Windows\System32\bcrypt.dll
0x00007ffacb220000 - 0x00007ffacb28b000 	C:\Windows\System32\WS2_32.dll
0x00007ffac9470000 - 0x00007ffac94bb000 	C:\Windows\SYSTEM32\POWRPROF.dll
0x00007ffabce50000 - 0x00007ffabce77000 	C:\Windows\SYSTEM32\WINMM.dll
0x00007ffac1280000 - 0x00007ffac128a000 	C:\Windows\SYSTEM32\VERSION.dll
0x00007ffac9450000 - 0x00007ffac9462000 	C:\Windows\SYSTEM32\UMPDC.dll
0x00007ffac74b0000 - 0x00007ffac74c2000 	C:\Windows\SYSTEM32\kernel.appcore.dll
0x00007ffaae550000 - 0x00007ffaae55a000 	c:\Users\Admin\.vscode\extensions\redhat.java-1.35.0-win32-x64\jre\17.0.12-win32-x86_64\bin\jimage.dll
0x00007ffac19b0000 - 0x00007ffac1b94000 	C:\Windows\SYSTEM32\DBGHELP.DLL
0x00007ffabe6c0000 - 0x00007ffabe6f4000 	C:\Windows\SYSTEM32\dbgcore.DLL
0x00007ffac96b0000 - 0x00007ffac9732000 	C:\Windows\System32\bcryptPrimitives.dll
0x00007ffaae290000 - 0x00007ffaae29e000 	c:\Users\Admin\.vscode\extensions\redhat.java-1.35.0-win32-x64\jre\17.0.12-win32-x86_64\bin\instrument.dll
0x00007ffa97f00000 - 0x00007ffa97f25000 	c:\Users\Admin\.vscode\extensions\redhat.java-1.35.0-win32-x64\jre\17.0.12-win32-x86_64\bin\java.dll
0x00007ffa97c90000 - 0x00007ffa97ca8000 	c:\Users\Admin\.vscode\extensions\redhat.java-1.35.0-win32-x64\jre\17.0.12-win32-x86_64\bin\zip.dll
0x00007ffaca7a0000 - 0x00007ffacaf0f000 	C:\Windows\System32\SHELL32.dll
0x00007ffac76b0000 - 0x00007ffac7e54000 	C:\Windows\SYSTEM32\windows.storage.dll
0x00007ffacb830000 - 0x00007ffacbb83000 	C:\Windows\System32\combase.dll
0x00007ffac8f70000 - 0x00007ffac8f9e000 	C:\Windows\SYSTEM32\Wldp.dll
0x00007ffacbce0000 - 0x00007ffacbdad000 	C:\Windows\System32\OLEAUT32.dll
0x00007ffaca540000 - 0x00007ffaca5ed000 	C:\Windows\System32\SHCORE.dll
0x00007ffacaf10000 - 0x00007ffacaf65000 	C:\Windows\System32\shlwapi.dll
0x00007ffac9540000 - 0x00007ffac9564000 	C:\Windows\SYSTEM32\profapi.dll
0x00007ffa93d30000 - 0x00007ffa93d49000 	C:\Users\Admin\.vscode\extensions\redhat.java-1.35.0-win32-x64\jre\17.0.12-win32-x86_64\bin\net.dll
0x00007ffac2730000 - 0x00007ffac283d000 	C:\Windows\SYSTEM32\WINHTTP.dll
0x00007ffac8cd0000 - 0x00007ffac8d3a000 	C:\Windows\system32\mswsock.dll
0x00007ffa8d370000 - 0x00007ffa8d386000 	C:\Users\Admin\.vscode\extensions\redhat.java-1.35.0-win32-x64\jre\17.0.12-win32-x86_64\bin\nio.dll
0x00007ffaae250000 - 0x00007ffaae260000 	c:\Users\Admin\.vscode\extensions\redhat.java-1.35.0-win32-x64\jre\17.0.12-win32-x86_64\bin\verify.dll
0x00007ffa52db0000 - 0x00007ffa52df5000 	C:\Users\Admin\AppData\Roaming\Code\User\globalStorage\redhat.java\1.35.0\config_win\org.eclipse.equinox.launcher\org.eclipse.equinox.launcher.win32.win32.x86_64_1.2.1100.v20240722-2106\eclipse_11904.dll
0x00007ffaca410000 - 0x00007ffaca53b000 	C:\Windows\System32\ole32.dll
0x00007ffac8ed0000 - 0x00007ffac8ee8000 	C:\Windows\SYSTEM32\CRYPTSP.dll
0x00007ffac85f0000 - 0x00007ffac8624000 	C:\Windows\system32\rsaenh.dll
0x00007ffac94c0000 - 0x00007ffac94ee000 	C:\Windows\SYSTEM32\USERENV.dll
0x00007ffac8ec0000 - 0x00007ffac8ecc000 	C:\Windows\SYSTEM32\CRYPTBASE.dll
0x00007ffac89b0000 - 0x00007ffac89eb000 	C:\Windows\SYSTEM32\IPHLPAPI.DLL
0x00007ffaca400000 - 0x00007ffaca408000 	C:\Windows\System32\NSI.dll
0x00007ffac2020000 - 0x00007ffac2037000 	C:\Windows\SYSTEM32\dhcpcsvc6.DLL
0x00007ffac1f90000 - 0x00007ffac1fad000 	C:\Windows\SYSTEM32\dhcpcsvc.DLL
0x00007ffac89f0000 - 0x00007ffac8aba000 	C:\Windows\SYSTEM32\DNSAPI.dll
0x00007ffa6a640000 - 0x00007ffa6a689000 	C:\Users\Admin\AppData\Local\Temp\jna-63116079\jna15533875328849710933.dll
0x00007ffacb180000 - 0x00007ffacb188000 	C:\Windows\System32\PSAPI.DLL
0x00007ffac6610000 - 0x00007ffac661e000 	C:\Users\Admin\.vscode\extensions\redhat.java-1.35.0-win32-x64\jre\17.0.12-win32-x86_64\bin\sunmscapi.dll
0x00007ffac9740000 - 0x00007ffac989c000 	C:\Windows\System32\CRYPT32.dll
0x00007ffac8fe0000 - 0x00007ffac9007000 	C:\Windows\SYSTEM32\ncrypt.dll
0x00007ffac8fa0000 - 0x00007ffac8fdb000 	C:\Windows\SYSTEM32\NTASN1.dll
0x00007ffab04b0000 - 0x00007ffab04b9000 	C:\Users\Admin\.vscode\extensions\redhat.java-1.35.0-win32-x64\jre\17.0.12-win32-x86_64\bin\extnet.dll

dbghelp: loaded successfully - version: 4.0.5 - missing functions: none
symbol engine: initialized successfully - sym options: 0x614 - pdb path: .;c:\Users\Admin\.vscode\extensions\redhat.java-1.35.0-win32-x64\jre\17.0.12-win32-x86_64\bin;C:\Windows\SYSTEM32;C:\Program Files\Avast Software\Avast;C:\Windows\WinSxS\amd64_microsoft.windows.common-controls_6595b64144ccf1df_6.0.19041.4355_none_60b8b9eb71f62e16;c:\Users\Admin\.vscode\extensions\redhat.java-1.35.0-win32-x64\jre\17.0.12-win32-x86_64\bin\server;C:\Users\Admin\AppData\Roaming\Code\User\globalStorage\redhat.java\1.35.0\config_win\org.eclipse.equinox.launcher\org.eclipse.equinox.launcher.win32.win32.x86_64_1.2.1100.v20240722-2106;C:\Users\Admin\AppData\Local\Temp\jna-63116079

VM Arguments:
jvm_args: --add-modules=ALL-SYSTEM --add-opens=java.base/java.util=ALL-UNNAMED --add-opens=java.base/java.lang=ALL-UNNAMED --add-opens=java.base/sun.nio.fs=ALL-UNNAMED -Declipse.application=org.eclipse.jdt.ls.core.id1 -Dosgi.bundles.defaultStartLevel=4 -Declipse.product=org.eclipse.jdt.ls.core.product -Djava.import.generatesMetadataFilesAtProjectRoot=false -DDetectVMInstallationsJob.disabled=true -Dfile.encoding=utf8 -XX:+UseParallelGC -XX:GCTimeRatio=4 -XX:AdaptiveSizePolicyWeight=90 -Dsun.zip.disableMemoryMapping=true -Xmx1G -Xms100m -Xlog:disable -javaagent:c:\Users\Admin\.vscode\extensions\redhat.java-1.35.0-win32-x64\lombok\lombok-1.18.33.jar -XX:+HeapDumpOnOutOfMemoryError -XX:HeapDumpPath=c:\Users\Admin\AppData\Roaming\Code\User\workspaceStorage\d68e40e702c51103805c8e4f92ebaaf0\redhat.java -Daether.dependencyCollector.impl=bf 
java_command: c:\Users\Admin\.vscode\extensions\redhat.java-1.35.0-win32-x64\server\plugins\org.eclipse.equinox.launcher_1.6.900.v20240613-2009.jar -configuration c:\Users\Admin\AppData\Roaming\Code\User\globalStorage\redhat.java\1.35.0\config_win -data c:\Users\Admin\AppData\Roaming\Code\User\workspaceStorage\d68e40e702c51103805c8e4f92ebaaf0\redhat.java\jdt_ws --pipe=\\.\pipe\lsp-bdad5d4f268e21da2a755b82e0f0d1e4-sock
java_class_path (initial): c:\Users\Admin\.vscode\extensions\redhat.java-1.35.0-win32-x64\server\plugins\org.eclipse.equinox.launcher_1.6.900.v20240613-2009.jar
Launcher Type: SUN_STANDARD

[Global flags]
    uintx AdaptiveSizePolicyWeight                 = 90                                        {product} {command line}
     intx CICompilerCount                          = 3                                         {product} {ergonomic}
    uintx GCTimeRatio                              = 4                                         {product} {command line}
     bool HeapDumpOnOutOfMemoryError               = true                                   {manageable} {command line}
    ccstr HeapDumpPath                             = c:\Users\Admin\AppData\Roaming\Code\User\workspaceStorage\d68e40e702c51103805c8e4f92ebaaf0\redhat.java         {manageable} {command line}
   size_t InitialHeapSize                          = 104857600                                 {product} {command line}
   size_t MaxHeapSize                              = 1073741824                                {product} {command line}
   size_t MaxNewSize                               = 357564416                                 {product} {ergonomic}
   size_t MinHeapDeltaBytes                        = 524288                                    {product} {ergonomic}
   size_t MinHeapSize                              = 104857600                                 {product} {command line}
   size_t NewSize                                  = 34603008                                  {product} {ergonomic}
    uintx NonNMethodCodeHeapSize                   = 5832780                                {pd product} {ergonomic}
    uintx NonProfiledCodeHeapSize                  = 122912730                              {pd product} {ergonomic}
   size_t OldSize                                  = 70254592                                  {product} {ergonomic}
    uintx ProfiledCodeHeapSize                     = 122912730                              {pd product} {ergonomic}
    uintx ReservedCodeCacheSize                    = 251658240                              {pd product} {ergonomic}
     bool SegmentedCodeCache                       = true                                      {product} {ergonomic}
   size_t SoftMaxHeapSize                          = 1073741824                             {manageable} {ergonomic}
     bool UseCompressedClassPointers               = true                           {product lp64_product} {ergonomic}
     bool UseCompressedOops                        = true                           {product lp64_product} {ergonomic}
     bool UseLargePagesIndividualAllocation        = false                                  {pd product} {ergonomic}
     bool UseParallelGC                            = true                                      {product} {command line}

Logging:
Log output configuration:
 #0: stdout all=off uptime,level,tags
 #1: stderr all=off uptime,level,tags

Environment Variables:
PATH=C:\Program Files\Google\Chrome\Application;C:\Program Files\Eclipse Adoptium\jdk-21.0.2.13-hotspot\bin;C:\Program Files\Common Files\Oracle\Java\javapath;C:\Program Files (x86)\Common Files\Oracle\Java\java8path;C:\Program Files (x86)\Common Files\Oracle\Java\javapath;C:\Windows\system32;C:\Windows;C:\Windows\System32\Wbem;C:\Windows\System32\WindowsPowerShell\v1.0\;C:\Windows\System32\OpenSSH\;C:\platform-tools;C:\Program Files\dotnet\;C:\Program Files (x86)\Microsoft SQL Server\160\Tools\Binn\;C:\Program Files\Microsoft SQL Server\160\Tools\Binn\;C:\Program Files\Microsoft SQL Server\Client SDK\ODBC\170\Tools\Binn\;C:\Program Files\Microsoft SQL Server\160\DTS\Binn\;C:\Program Files (x86)\Microsoft SQL Server\160\DTS\Binn\;C:\Program Files\GitHub CLI\;C:\Program Files\Git\cmd;C:\Users\Admin\AppData\Local\Programs\Python\Python312\Scripts\;C:\Users\Admin\AppData\Local\Programs\Python\Python312\;C:\Users\Admin\AppData\Local\Programs\Python\Launcher\;C:\Users\Admin\AppData\Local\Microsoft\WindowsApps;C:\ProgramData\Admin\GitHubDesktop\bin;C:\Users\Admin\AppData\Local\Programs\Microsoft VS Code\bin;C:\ffmpeg\bin;C:\Users\Admin\AppData\Local\GitHubDesktop\bin
USERNAME=Admin
OS=Windows_NT
PROCESSOR_IDENTIFIER=AMD64 Family 23 Model 17 Stepping 1, AuthenticAMD
TMP=C:\Users\Admin\AppData\Local\Temp
TEMP=C:\Users\Admin\AppData\Local\Temp



Periodic native trim disabled


---------------  S Y S T E M  ---------------

OS:
 Windows 10 , 64 bit Build 19041 (10.0.19041.4957)
OS uptime: 0 days 3:54 hours

CPU: total 4 (initial active 4) (4 cores per cpu, 2 threads per core) family 23 model 17 stepping 1 microcode 0x0, cx8, cmov, fxsr, ht, mmx, 3dnowpref, sse, sse2, sse3, ssse3, sse4a, sse4.1, sse4.2, popcnt, lzcnt, tsc, tscinvbit, avx, avx2, aes, clmul, bmi1, bmi2, adx, sha, fma, vzeroupper, clflush, clflushopt
Processor Information for all 4 processors :
  Max Mhz: 3200, Current Mhz: 3200, Mhz Limit: 3200

Memory: 4k page, system-wide physical 14287M (5171M free)
TotalPageFile size 19707M (AvailPageFile size 30M)
current process WorkingSet (physical memory assigned to process): 751M, peak: 787M
current process commit charge ("private bytes"): 670M, peak: 710M

vm_info: OpenJDK 64-Bit Server VM (17.0.12+7) for windows-amd64 JRE (17.0.12+7), built on Jul 16 2024 22:08:24 by "admin" with MS VC++ 16.10 / 16.11 (VS2019)

END.
